<?xml version="1.0" encoding="UTF-8"?>
<testng-results ignored="0" total="4" passed="4" failed="0" skipped="0">
  <reporter-output>
    <line>
      <![CDATA[running verifyUserID TC]]>
    </line>
    <line>
      <![CDATA[running verify_Name TC]]>
    </line>
    <line>
      <![CDATA[running verifyUserID TC]]>
    </line>
    <line>
      <![CDATA[running verify_Name TC]]>
    </line>
  </reporter-output>
  <suite started-at="2023-01-30T20:59:06 IST" name="Suite" finished-at="2023-01-30T21:01:33 IST" duration-ms="146435">
    <groups>
    </groups>
    <test started-at="2023-01-30T20:59:06 IST" name="Test1_Chrome" finished-at="2023-01-30T21:00:26 IST" duration-ms="79101">
      <class name="module1Login_Test.instagramTestClass">
        <test-method is-config="true" signature="openBrowser(java.lang.String)[pri:0, instance:module1Login_Test.instagramTestClass@67f639d3]" started-at="2023-01-30T20:59:06 IST" name="openBrowser" finished-at="2023-01-30T20:59:28 IST" duration-ms="21517" status="PASS">
          <params>
            <param index="0">
              <value>
                <![CDATA[Chrome]]>
              </value>
            </param>
          </params>
          <reporter-output>
          </reporter-output>
        </test-method> <!-- openBrowser -->
        <test-method is-config="true" signature="LoginToInstagram()[pri:0, instance:module1Login_Test.instagramTestClass@67f639d3]" started-at="2023-01-30T20:59:28 IST" name="LoginToInstagram" finished-at="2023-01-30T20:59:30 IST" duration-ms="1655" status="PASS">
          <reporter-output>
          </reporter-output>
        </test-method> <!-- LoginToInstagram -->
        <test-method signature="verifyUserID()[pri:0, instance:module1Login_Test.instagramTestClass@67f639d3]" started-at="2023-01-30T20:59:30 IST" name="verifyUserID" finished-at="2023-01-30T21:00:03 IST" duration-ms="33224" status="PASS">
          <reporter-output>
            <line>
              <![CDATA[running verifyUserID TC]]>
            </line>
          </reporter-output>
        </test-method> <!-- verifyUserID -->
        <test-method is-config="true" signature="LogoutFromInstagram(org.testng.ITestResult)[pri:0, instance:module1Login_Test.instagramTestClass@67f639d3]" started-at="2023-01-30T21:00:03 IST" name="LogoutFromInstagram" finished-at="2023-01-30T21:00:05 IST" duration-ms="2327" status="PASS">
          <params>
            <param index="0">
              <value>
                <![CDATA[[TestResult name=verifyUserID status=SUCCESS method=instagramTestClass.verifyUserID()[pri:0, instance:module1Login_Test.instagramTestClass@67f639d3] output=running verifyUserID TC]]]>
              </value>
            </param>
          </params>
          <reporter-output>
          </reporter-output>
        </test-method> <!-- LogoutFromInstagram -->
        <test-method is-config="true" signature="LoginToInstagram()[pri:0, instance:module1Login_Test.instagramTestClass@67f639d3]" started-at="2023-01-30T21:00:05 IST" name="LoginToInstagram" finished-at="2023-01-30T21:00:11 IST" duration-ms="5594" status="PASS">
          <reporter-output>
          </reporter-output>
        </test-method> <!-- LoginToInstagram -->
        <test-method signature="verify_Name()[pri:0, instance:module1Login_Test.instagramTestClass@67f639d3]" started-at="2023-01-30T21:00:11 IST" name="verify_Name" finished-at="2023-01-30T21:00:21 IST" duration-ms="10465" status="PASS">
          <reporter-output>
            <line>
              <![CDATA[running verify_Name TC]]>
            </line>
          </reporter-output>
        </test-method> <!-- verify_Name -->
        <test-method is-config="true" signature="LogoutFromInstagram(org.testng.ITestResult)[pri:0, instance:module1Login_Test.instagramTestClass@67f639d3]" started-at="2023-01-30T21:00:21 IST" name="LogoutFromInstagram" finished-at="2023-01-30T21:00:24 IST" duration-ms="2484" status="PASS">
          <params>
            <param index="0">
              <value>
                <![CDATA[[TestResult name=verify_Name status=SUCCESS method=instagramTestClass.verify_Name()[pri:0, instance:module1Login_Test.instagramTestClass@67f639d3] output=running verify_Name TC]]]>
              </value>
            </param>
          </params>
          <reporter-output>
          </reporter-output>
        </test-method> <!-- LogoutFromInstagram -->
        <test-method is-config="true" signature="closeBrowser()[pri:0, instance:module1Login_Test.instagramTestClass@67f639d3]" started-at="2023-01-30T21:00:24 IST" name="closeBrowser" finished-at="2023-01-30T21:00:26 IST" duration-ms="1742" status="PASS">
          <reporter-output>
          </reporter-output>
        </test-method> <!-- closeBrowser -->
      </class> <!-- module1Login_Test.instagramTestClass -->
    </test> <!-- Test1_Chrome -->
    <test started-at="2023-01-30T21:00:26 IST" name="Test2_Edge" finished-at="2023-01-30T21:01:33 IST" duration-ms="66961">
      <class name="module1Login_Test.instagramTestClass">
        <test-method is-config="true" signature="openBrowser(java.lang.String)[pri:0, instance:module1Login_Test.instagramTestClass@7b36aa0c]" started-at="2023-01-30T21:00:26 IST" name="openBrowser" finished-at="2023-01-30T21:00:59 IST" duration-ms="32629" status="PASS">
          <params>
            <param index="0">
              <value>
                <![CDATA[Edge]]>
              </value>
            </param>
          </params>
          <reporter-output>
          </reporter-output>
        </test-method> <!-- openBrowser -->
        <test-method is-config="true" signature="LoginToInstagram()[pri:0, instance:module1Login_Test.instagramTestClass@7b36aa0c]" started-at="2023-01-30T21:00:59 IST" name="LoginToInstagram" finished-at="2023-01-30T21:01:01 IST" duration-ms="2450" status="PASS">
          <reporter-output>
          </reporter-output>
        </test-method> <!-- LoginToInstagram -->
        <test-method signature="verifyUserID()[pri:0, instance:module1Login_Test.instagramTestClass@7b36aa0c]" started-at="2023-01-30T21:01:01 IST" name="verifyUserID" finished-at="2023-01-30T21:01:15 IST" duration-ms="14118" status="PASS">
          <reporter-output>
            <line>
              <![CDATA[running verifyUserID TC]]>
            </line>
          </reporter-output>
        </test-method> <!-- verifyUserID -->
        <test-method is-config="true" signature="LogoutFromInstagram(org.testng.ITestResult)[pri:0, instance:module1Login_Test.instagramTestClass@7b36aa0c]" started-at="2023-01-30T21:01:15 IST" name="LogoutFromInstagram" finished-at="2023-01-30T21:01:18 IST" duration-ms="2471" status="PASS">
          <params>
            <param index="0">
              <value>
                <![CDATA[[TestResult name=verifyUserID status=SUCCESS method=instagramTestClass.verifyUserID()[pri:0, instance:module1Login_Test.instagramTestClass@7b36aa0c] output=running verifyUserID TC]]]>
              </value>
            </param>
          </params>
          <reporter-output>
          </reporter-output>
        </test-method> <!-- LogoutFromInstagram -->
        <test-method is-config="true" signature="LoginToInstagram()[pri:0, instance:module1Login_Test.instagramTestClass@7b36aa0c]" started-at="2023-01-30T21:01:18 IST" name="LoginToInstagram" finished-at="2023-01-30T21:01:22 IST" duration-ms="4031" status="PASS">
          <reporter-output>
          </reporter-output>
        </test-method> <!-- LoginToInstagram -->
        <test-method signature="verify_Name()[pri:0, instance:module1Login_Test.instagramTestClass@7b36aa0c]" started-at="2023-01-30T21:01:22 IST" name="verify_Name" finished-at="2023-01-30T21:01:29 IST" duration-ms="7420" status="PASS">
          <reporter-output>
            <line>
              <![CDATA[running verify_Name TC]]>
            </line>
          </reporter-output>
        </test-method> <!-- verify_Name -->
        <test-method is-config="true" signature="LogoutFromInstagram(org.testng.ITestResult)[pri:0, instance:module1Login_Test.instagramTestClass@7b36aa0c]" started-at="2023-01-30T21:01:29 IST" name="LogoutFromInstagram" finished-at="2023-01-30T21:01:32 IST" duration-ms="2479" status="PASS">
          <params>
            <param index="0">
              <value>
                <![CDATA[[TestResult name=verify_Name status=SUCCESS method=instagramTestClass.verify_Name()[pri:0, instance:module1Login_Test.instagramTestClass@7b36aa0c] output=running verify_Name TC]]]>
              </value>
            </param>
          </params>
          <reporter-output>
          </reporter-output>
        </test-method> <!-- LogoutFromInstagram -->
        <test-method is-config="true" signature="closeBrowser()[pri:0, instance:module1Login_Test.instagramTestClass@7b36aa0c]" started-at="2023-01-30T21:01:32 IST" name="closeBrowser" finished-at="2023-01-30T21:01:33 IST" duration-ms="1347" status="PASS">
          <reporter-output>
          </reporter-output>
        </test-method> <!-- closeBrowser -->
      </class> <!-- module1Login_Test.instagramTestClass -->
    </test> <!-- Test2_Edge -->
  </suite> <!-- Suite -->
</testng-results>
